<?xml version="1.0" encoding="UTF-8"?>
<coverage generated="1574850402719" clover="3.2.0">
  <project timestamp="1574850402719" name="All files">
    <metrics statements="26" coveredstatements="19" conditionals="12" coveredconditionals="6" methods="5" coveredmethods="5" elements="43" coveredelements="30" complexity="0" loc="26" ncloc="26" packages="1" files="2" classes="2"/>
    <file name="index.js" path="/home/andrew/hexletpro/gendiffUtil/project-lvl2-s475/src/index.js">
      <metrics statements="15" coveredstatements="15" conditionals="6" coveredconditionals="5" methods="4" coveredmethods="4"/>
      <line num="4" count="1" type="stmt"/>
      <line num="5" count="3" type="stmt"/>
      <line num="6" count="9" type="stmt"/>
      <line num="10" count="1" type="stmt"/>
      <line num="11" count="3" type="stmt"/>
      <line num="13" count="3" type="stmt"/>
      <line num="15" count="3" type="stmt"/>
      <line num="17" count="3" type="stmt"/>
      <line num="18" count="12" type="cond" truecount="2" falsecount="0"/>
      <line num="19" count="9" type="cond" truecount="2" falsecount="0"/>
      <line num="20" count="6" type="stmt"/>
      <line num="22" count="3" type="stmt"/>
      <line num="24" count="3" type="stmt"/>
      <line num="27" count="3" type="stmt"/>
      <line num="29" count="3" type="cond" truecount="1" falsecount="1"/>
    </file>
    <file name="parser.js" path="/home/andrew/hexletpro/gendiffUtil/project-lvl2-s475/src/parser.js">
      <metrics statements="11" coveredstatements="4" conditionals="6" coveredconditionals="1" methods="1" coveredmethods="1"/>
      <line num="6" count="1" type="stmt"/>
      <line num="7" count="6" type="stmt"/>
      <line num="8" count="6" type="stmt"/>
      <line num="10" count="6" type="cond" truecount="1" falsecount="1"/>
      <line num="12" count="0" type="cond" truecount="0" falsecount="2"/>
      <line num="13" count="0" type="stmt"/>
      <line num="14" count="0" type="stmt"/>
      <line num="17" count="0" type="cond" truecount="0" falsecount="2"/>
      <line num="18" count="0" type="stmt"/>
      <line num="19" count="0" type="stmt"/>
      <line num="21" count="0" type="stmt"/>
    </file>
  </project>
</coverage>
