<?xml version="1.0" encoding="UTF-8"?>
<coverage generated="1575449560528" clover="3.2.0">
  <project timestamp="1575449560528" name="All files">
    <metrics statements="51" coveredstatements="50" conditionals="22" coveredconditionals="20" methods="11" coveredmethods="11" elements="84" coveredelements="81" complexity="0" loc="51" ncloc="51" packages="1" files="2" classes="2"/>
    <file name="index.js" path="/home/andrew/hexletpro/gendiffUtil/project-lvl2-s475/src/index.js">
      <metrics statements="40" coveredstatements="40" conditionals="16" coveredconditionals="15" methods="10" coveredmethods="10"/>
      <line num="4" count="105" type="stmt"/>
      <line num="6" count="1" type="stmt"/>
      <line num="7" count="15" type="stmt"/>
      <line num="8" count="15" type="stmt"/>
      <line num="9" count="15" type="stmt"/>
      <line num="10" count="15" type="cond" truecount="1" falsecount="1"/>
      <line num="12" count="15" type="stmt"/>
      <line num="14" count="15" type="stmt"/>
      <line num="17" count="1" type="stmt"/>
      <line num="23" count="57" type="cond" truecount="2" falsecount="0"/>
      <line num="25" count="12" type="stmt"/>
      <line num="26" count="54" type="cond" truecount="2" falsecount="0"/>
      <line num="27" count="33" type="stmt"/>
      <line num="29" count="21" type="cond" truecount="2" falsecount="0"/>
      <line num="30" count="12" type="stmt"/>
      <line num="31" count="12" type="stmt"/>
      <line num="32" count="12" type="stmt"/>
      <line num="34" count="9" type="stmt"/>
      <line num="35" count="9" type="stmt"/>
      <line num="36" count="9" type="stmt"/>
      <line num="41" count="1" type="stmt"/>
      <line num="42" count="3" type="stmt"/>
      <line num="44" count="3" type="stmt"/>
      <line num="46" count="3" type="stmt"/>
      <line num="47" count="12" type="stmt"/>
      <line num="48" count="12" type="stmt"/>
      <line num="49" count="39" type="cond" truecount="2" falsecount="0"/>
      <line num="50" count="6" type="stmt"/>
      <line num="55" count="33" type="stmt"/>
      <line num="56" count="33" type="stmt"/>
      <line num="58" count="33" type="cond" truecount="2" falsecount="0"/>
      <line num="59" count="12" type="stmt"/>
      <line num="64" count="21" type="cond" truecount="4" falsecount="0"/>
      <line num="65" count="9" type="stmt"/>
      <line num="70" count="12" type="stmt"/>
      <line num="75" count="12" type="stmt"/>
      <line num="77" count="12" type="stmt"/>
      <line num="79" count="15" type="stmt"/>
      <line num="82" count="3" type="stmt"/>
      <line num="83" count="3" type="stmt"/>
    </file>
    <file name="parser.js" path="/home/andrew/hexletpro/gendiffUtil/project-lvl2-s475/src/parser.js">
      <metrics statements="11" coveredstatements="10" conditionals="6" coveredconditionals="5" methods="1" coveredmethods="1"/>
      <line num="6" count="1" type="stmt"/>
      <line num="7" count="6" type="stmt"/>
      <line num="8" count="6" type="stmt"/>
      <line num="10" count="6" type="cond" truecount="2" falsecount="0"/>
      <line num="12" count="4" type="cond" truecount="2" falsecount="0"/>
      <line num="13" count="2" type="stmt"/>
      <line num="14" count="2" type="stmt"/>
      <line num="17" count="2" type="cond" truecount="1" falsecount="1"/>
      <line num="18" count="2" type="stmt"/>
      <line num="19" count="2" type="stmt"/>
      <line num="21" count="0" type="stmt"/>
    </file>
  </project>
</coverage>
