{"/home/andrew/hexletpro/gendiffUtil/project-lvl2-s475/src/index.js": {"path":"/home/andrew/hexletpro/gendiffUtil/project-lvl2-s475/src/index.js","statementMap":{"0":{"start":{"line":4,"column":19},"end":{"line":4,"column":66}},"1":{"start":{"line":4,"column":30},"end":{"line":4,"column":66}},"2":{"start":{"line":6,"column":18},"end":{"line":15,"column":1}},"3":{"start":{"line":7,"column":15},"end":{"line":7,"column":31}},"4":{"start":{"line":8,"column":17},"end":{"line":13,"column":8}},"5":{"start":{"line":9,"column":27},"end":{"line":9,"column":42}},"6":{"start":{"line":10,"column":18},"end":{"line":11,"column":21}},"7":{"start":{"line":12,"column":4},"end":{"line":12,"column":72}},"8":{"start":{"line":14,"column":2},"end":{"line":14,"column":53}},"9":{"start":{"line":17,"column":15},"end":{"line":21,"column":1}},"10":{"start":{"line":23,"column":24},"end":{"line":23,"column":104}},"11":{"start":{"line":23,"column":42},"end":{"line":23,"column":103}},"12":{"start":{"line":25,"column":18},"end":{"line":38,"column":7}},"13":{"start":{"line":25,"column":47},"end":{"line":38,"column":7}},"14":{"start":{"line":26,"column":2},"end":{"line":28,"column":3}},"15":{"start":{"line":27,"column":4},"end":{"line":27,"column":123}},"16":{"start":{"line":29,"column":2},"end":{"line":33,"column":3}},"17":{"start":{"line":30,"column":17},"end":{"line":30,"column":32}},"18":{"start":{"line":31,"column":17},"end":{"line":31,"column":32}},"19":{"start":{"line":32,"column":4},"end":{"line":32,"column":163}},"20":{"start":{"line":34,"column":14},"end":{"line":34,"column":29}},"21":{"start":{"line":35,"column":18},"end":{"line":35,"column":27}},"22":{"start":{"line":36,"column":2},"end":{"line":36,"column":120}},"23":{"start":{"line":41,"column":13},"end":{"line":84,"column":1}},"24":{"start":{"line":42,"column":20},"end":{"line":42,"column":41}},"25":{"start":{"line":44,"column":19},"end":{"line":44,"column":41}},"26":{"start":{"line":46,"column":22},"end":{"line":80,"column":3}},"27":{"start":{"line":47,"column":25},"end":{"line":47,"column":46}},"28":{"start":{"line":48,"column":21},"end":{"line":73,"column":11}},"29":{"start":{"line":49,"column":6},"end":{"line":53,"column":7}},"30":{"start":{"line":50,"column":8},"end":{"line":52,"column":11}},"31":{"start":{"line":55,"column":31},"end":{"line":55,"column":47}},"32":{"start":{"line":56,"column":32},"end":{"line":56,"column":49}},"33":{"start":{"line":58,"column":6},"end":{"line":62,"column":7}},"34":{"start":{"line":59,"column":8},"end":{"line":61,"column":11}},"35":{"start":{"line":64,"column":6},"end":{"line":68,"column":7}},"36":{"start":{"line":65,"column":8},"end":{"line":67,"column":11}},"37":{"start":{"line":70,"column":6},"end":{"line":72,"column":9}},"38":{"start":{"line":75,"column":22},"end":{"line":75,"column":53}},"39":{"start":{"line":77,"column":23},"end":{"line":77,"column":45}},"40":{"start":{"line":79,"column":4},"end":{"line":79,"column":131}},"41":{"start":{"line":79,"column":50},"end":{"line":79,"column":119}},"42":{"start":{"line":82,"column":14},"end":{"line":82,"column":50}},"43":{"start":{"line":83,"column":2},"end":{"line":83,"column":40}}},"fnMap":{"0":{"name":"(anonymous_0)","decl":{"start":{"line":4,"column":19},"end":{"line":4,"column":20}},"loc":{"start":{"line":4,"column":30},"end":{"line":4,"column":66}},"line":4},"1":{"name":"(anonymous_1)","decl":{"start":{"line":6,"column":18},"end":{"line":6,"column":19}},"loc":{"start":{"line":6,"column":48},"end":{"line":15,"column":1}},"line":6},"2":{"name":"(anonymous_2)","decl":{"start":{"line":8,"column":29},"end":{"line":8,"column":30}},"loc":{"start":{"line":8,"column":46},"end":{"line":13,"column":3}},"line":8},"3":{"name":"(anonymous_3)","decl":{"start":{"line":23,"column":24},"end":{"line":23,"column":25}},"loc":{"start":{"line":23,"column":42},"end":{"line":23,"column":103}},"line":23},"4":{"name":"(anonymous_4)","decl":{"start":{"line":25,"column":18},"end":{"line":25,"column":19}},"loc":{"start":{"line":25,"column":47},"end":{"line":38,"column":7}},"line":25},"5":{"name":"(anonymous_5)","decl":{"start":{"line":25,"column":63},"end":{"line":25,"column":64}},"loc":{"start":{"line":25,"column":83},"end":{"line":37,"column":1}},"line":25},"6":{"name":"(anonymous_6)","decl":{"start":{"line":41,"column":13},"end":{"line":41,"column":14}},"loc":{"start":{"line":41,"column":48},"end":{"line":84,"column":1}},"line":41},"7":{"name":"(anonymous_7)","decl":{"start":{"line":46,"column":22},"end":{"line":46,"column":23}},"loc":{"start":{"line":46,"column":52},"end":{"line":80,"column":3}},"line":46},"8":{"name":"(anonymous_8)","decl":{"start":{"line":48,"column":41},"end":{"line":48,"column":42}},"loc":{"start":{"line":48,"column":63},"end":{"line":73,"column":5}},"line":48},"9":{"name":"(anonymous_9)","decl":{"start":{"line":79,"column":29},"end":{"line":79,"column":30}},"loc":{"start":{"line":79,"column":50},"end":{"line":79,"column":119}},"line":79}},"branchMap":{"0":{"loc":{"start":{"line":10,"column":18},"end":{"line":11,"column":21}},"type":"cond-expr","locations":[{"start":{"line":10,"column":47},"end":{"line":10,"column":95}},{"start":{"line":11,"column":8},"end":{"line":11,"column":21}}],"line":10},"1":{"loc":{"start":{"line":23,"column":42},"end":{"line":23,"column":103}},"type":"cond-expr","locations":[{"start":{"line":23,"column":66},"end":{"line":23,"column":92}},{"start":{"line":23,"column":95},"end":{"line":23,"column":103}}],"line":23},"2":{"loc":{"start":{"line":26,"column":2},"end":{"line":28,"column":3}},"type":"if","locations":[{"start":{"line":26,"column":2},"end":{"line":28,"column":3}},{"start":{"line":26,"column":2},"end":{"line":28,"column":3}}],"line":26},"3":{"loc":{"start":{"line":29,"column":2},"end":{"line":33,"column":3}},"type":"if","locations":[{"start":{"line":29,"column":2},"end":{"line":33,"column":3}},{"start":{"line":29,"column":2},"end":{"line":33,"column":3}}],"line":29},"4":{"loc":{"start":{"line":49,"column":6},"end":{"line":53,"column":7}},"type":"if","locations":[{"start":{"line":49,"column":6},"end":{"line":53,"column":7}},{"start":{"line":49,"column":6},"end":{"line":53,"column":7}}],"line":49},"5":{"loc":{"start":{"line":58,"column":6},"end":{"line":62,"column":7}},"type":"if","locations":[{"start":{"line":58,"column":6},"end":{"line":62,"column":7}},{"start":{"line":58,"column":6},"end":{"line":62,"column":7}}],"line":58},"6":{"loc":{"start":{"line":64,"column":6},"end":{"line":68,"column":7}},"type":"if","locations":[{"start":{"line":64,"column":6},"end":{"line":68,"column":7}},{"start":{"line":64,"column":6},"end":{"line":68,"column":7}}],"line":64},"7":{"loc":{"start":{"line":64,"column":10},"end":{"line":64,"column":83}},"type":"binary-expr","locations":[{"start":{"line":64,"column":10},"end":{"line":64,"column":44}},{"start":{"line":64,"column":48},"end":{"line":64,"column":83}}],"line":64}},"s":{"0":1,"1":105,"2":1,"3":15,"4":15,"5":15,"6":15,"7":15,"8":15,"9":1,"10":1,"11":57,"12":1,"13":12,"14":54,"15":33,"16":21,"17":12,"18":12,"19":12,"20":9,"21":9,"22":9,"23":1,"24":3,"25":3,"26":3,"27":12,"28":12,"29":39,"30":6,"31":33,"32":33,"33":33,"34":12,"35":21,"36":9,"37":12,"38":12,"39":12,"40":12,"41":15,"42":3,"43":3},"f":{"0":105,"1":15,"2":15,"3":57,"4":12,"5":54,"6":3,"7":12,"8":39,"9":15},"b":{"0":[0,15],"1":[15,42],"2":[33,21],"3":[12,9],"4":[6,33],"5":[12,21],"6":[9,12],"7":[21,12]},"_coverageSchema":"43e27e138ebf9cfc5966b082cf9a028302ed4184","hash":"5f94451200116c52658eeed4808df7016c70af8a"}
,"/home/andrew/hexletpro/gendiffUtil/project-lvl2-s475/src/parser.js": {"path":"/home/andrew/hexletpro/gendiffUtil/project-lvl2-s475/src/parser.js","statementMap":{"0":{"start":{"line":6,"column":15},"end":{"line":22,"column":1}},"1":{"start":{"line":7,"column":19},"end":{"line":7,"column":53}},"2":{"start":{"line":8,"column":20},"end":{"line":8,"column":42}},"3":{"start":{"line":10,"column":2},"end":{"line":10,"column":57}},"4":{"start":{"line":10,"column":29},"end":{"line":10,"column":57}},"5":{"start":{"line":12,"column":2},"end":{"line":15,"column":3}},"6":{"start":{"line":13,"column":26},"end":{"line":13,"column":52}},"7":{"start":{"line":14,"column":4},"end":{"line":14,"column":23}},"8":{"start":{"line":17,"column":2},"end":{"line":20,"column":3}},"9":{"start":{"line":18,"column":24},"end":{"line":18,"column":43}},"10":{"start":{"line":19,"column":4},"end":{"line":19,"column":23}},"11":{"start":{"line":21,"column":2},"end":{"line":21,"column":12}}},"fnMap":{"0":{"name":"(anonymous_0)","decl":{"start":{"line":6,"column":15},"end":{"line":6,"column":16}},"loc":{"start":{"line":6,"column":29},"end":{"line":22,"column":1}},"line":6}},"branchMap":{"0":{"loc":{"start":{"line":10,"column":2},"end":{"line":10,"column":57}},"type":"if","locations":[{"start":{"line":10,"column":2},"end":{"line":10,"column":57}},{"start":{"line":10,"column":2},"end":{"line":10,"column":57}}],"line":10},"1":{"loc":{"start":{"line":12,"column":2},"end":{"line":15,"column":3}},"type":"if","locations":[{"start":{"line":12,"column":2},"end":{"line":15,"column":3}},{"start":{"line":12,"column":2},"end":{"line":15,"column":3}}],"line":12},"2":{"loc":{"start":{"line":17,"column":2},"end":{"line":20,"column":3}},"type":"if","locations":[{"start":{"line":17,"column":2},"end":{"line":20,"column":3}},{"start":{"line":17,"column":2},"end":{"line":20,"column":3}}],"line":17}},"s":{"0":1,"1":6,"2":6,"3":6,"4":2,"5":4,"6":2,"7":2,"8":2,"9":2,"10":2,"11":0},"f":{"0":6},"b":{"0":[2,4],"1":[2,2],"2":[2,0]},"_coverageSchema":"43e27e138ebf9cfc5966b082cf9a028302ed4184","hash":"9b1e083f95fc0157b4cd95e15d8bc80f07943df1"}
}
