{"/home/andrew/hexletpro/gendiffUtil/project-lvl2-s475/src/index.js": {"path":"/home/andrew/hexletpro/gendiffUtil/project-lvl2-s475/src/index.js","statementMap":{"0":{"start":{"line":4,"column":23},"end":{"line":7,"column":1}},"1":{"start":{"line":5,"column":15},"end":{"line":5,"column":31}},"2":{"start":{"line":6,"column":2},"end":{"line":6,"column":72}},"3":{"start":{"line":6,"column":35},"end":{"line":6,"column":66}},"4":{"start":{"line":10,"column":13},"end":{"line":30,"column":1}},"5":{"start":{"line":11,"column":20},"end":{"line":11,"column":41}},"6":{"start":{"line":13,"column":19},"end":{"line":13,"column":41}},"7":{"start":{"line":15,"column":15},"end":{"line":15,"column":37}},"8":{"start":{"line":17,"column":18},"end":{"line":25,"column":9}},"9":{"start":{"line":18,"column":4},"end":{"line":23,"column":5}},"10":{"start":{"line":19,"column":6},"end":{"line":21,"column":7}},"11":{"start":{"line":20,"column":8},"end":{"line":20,"column":52}},"12":{"start":{"line":22,"column":6},"end":{"line":22,"column":79}},"13":{"start":{"line":24,"column":4},"end":{"line":24,"column":49}},"14":{"start":{"line":27,"column":24},"end":{"line":27,"column":46}},"15":{"start":{"line":29,"column":2},"end":{"line":29,"column":111}}},"fnMap":{"0":{"name":"(anonymous_0)","decl":{"start":{"line":4,"column":23},"end":{"line":4,"column":24}},"loc":{"start":{"line":4,"column":32},"end":{"line":7,"column":1}},"line":4},"1":{"name":"(anonymous_1)","decl":{"start":{"line":6,"column":21},"end":{"line":6,"column":22}},"loc":{"start":{"line":6,"column":35},"end":{"line":6,"column":66}},"line":6},"2":{"name":"(anonymous_2)","decl":{"start":{"line":10,"column":13},"end":{"line":10,"column":14}},"loc":{"start":{"line":10,"column":48},"end":{"line":30,"column":1}},"line":10},"3":{"name":"(anonymous_3)","decl":{"start":{"line":17,"column":30},"end":{"line":17,"column":31}},"loc":{"start":{"line":17,"column":44},"end":{"line":25,"column":3}},"line":17}},"branchMap":{"0":{"loc":{"start":{"line":18,"column":4},"end":{"line":23,"column":5}},"type":"if","locations":[{"start":{"line":18,"column":4},"end":{"line":23,"column":5}},{"start":{"line":18,"column":4},"end":{"line":23,"column":5}}],"line":18},"1":{"loc":{"start":{"line":19,"column":6},"end":{"line":21,"column":7}},"type":"if","locations":[{"start":{"line":19,"column":6},"end":{"line":21,"column":7}},{"start":{"line":19,"column":6},"end":{"line":21,"column":7}}],"line":19},"2":{"loc":{"start":{"line":29,"column":9},"end":{"line":29,"column":110}},"type":"cond-expr","locations":[{"start":{"line":29,"column":45},"end":{"line":29,"column":92}},{"start":{"line":29,"column":95},"end":{"line":29,"column":110}}],"line":29}},"s":{"0":1,"1":3,"2":3,"3":9,"4":1,"5":3,"6":3,"7":3,"8":3,"9":12,"10":9,"11":6,"12":3,"13":3,"14":3,"15":3},"f":{"0":3,"1":9,"2":3,"3":12},"b":{"0":[9,3],"1":[6,3],"2":[3,0]},"_coverageSchema":"43e27e138ebf9cfc5966b082cf9a028302ed4184","hash":"6e5ba50144524fe3f5fc1e17f60b816faa5bf190"}
,"/home/andrew/hexletpro/gendiffUtil/project-lvl2-s475/src/parser.js": {"path":"/home/andrew/hexletpro/gendiffUtil/project-lvl2-s475/src/parser.js","statementMap":{"0":{"start":{"line":6,"column":15},"end":{"line":22,"column":1}},"1":{"start":{"line":7,"column":19},"end":{"line":7,"column":53}},"2":{"start":{"line":8,"column":20},"end":{"line":8,"column":42}},"3":{"start":{"line":10,"column":2},"end":{"line":10,"column":57}},"4":{"start":{"line":10,"column":29},"end":{"line":10,"column":57}},"5":{"start":{"line":12,"column":2},"end":{"line":15,"column":3}},"6":{"start":{"line":13,"column":26},"end":{"line":13,"column":52}},"7":{"start":{"line":14,"column":4},"end":{"line":14,"column":23}},"8":{"start":{"line":17,"column":2},"end":{"line":20,"column":3}},"9":{"start":{"line":18,"column":24},"end":{"line":18,"column":43}},"10":{"start":{"line":19,"column":4},"end":{"line":19,"column":23}},"11":{"start":{"line":21,"column":2},"end":{"line":21,"column":12}}},"fnMap":{"0":{"name":"(anonymous_0)","decl":{"start":{"line":6,"column":15},"end":{"line":6,"column":16}},"loc":{"start":{"line":6,"column":29},"end":{"line":22,"column":1}},"line":6}},"branchMap":{"0":{"loc":{"start":{"line":10,"column":2},"end":{"line":10,"column":57}},"type":"if","locations":[{"start":{"line":10,"column":2},"end":{"line":10,"column":57}},{"start":{"line":10,"column":2},"end":{"line":10,"column":57}}],"line":10},"1":{"loc":{"start":{"line":12,"column":2},"end":{"line":15,"column":3}},"type":"if","locations":[{"start":{"line":12,"column":2},"end":{"line":15,"column":3}},{"start":{"line":12,"column":2},"end":{"line":15,"column":3}}],"line":12},"2":{"loc":{"start":{"line":17,"column":2},"end":{"line":20,"column":3}},"type":"if","locations":[{"start":{"line":17,"column":2},"end":{"line":20,"column":3}},{"start":{"line":17,"column":2},"end":{"line":20,"column":3}}],"line":17}},"s":{"0":1,"1":6,"2":6,"3":6,"4":2,"5":4,"6":2,"7":2,"8":2,"9":2,"10":2,"11":0},"f":{"0":6},"b":{"0":[2,4],"1":[2,2],"2":[2,0]},"_coverageSchema":"43e27e138ebf9cfc5966b082cf9a028302ed4184","hash":"9b1e083f95fc0157b4cd95e15d8bc80f07943df1"}
}
