TN:
SF:/home/andrew/hexletpro/gendiffUtil/project-lvl2-s475/src/index.js
FN:4,(anonymous_0)
FN:6,(anonymous_1)
FN:8,(anonymous_2)
FN:23,(anonymous_3)
FN:25,(anonymous_4)
FN:25,(anonymous_5)
FN:41,(anonymous_6)
FN:46,(anonymous_7)
FN:48,(anonymous_8)
FN:79,(anonymous_9)
FNF:10
FNH:10
FNDA:105,(anonymous_0)
FNDA:15,(anonymous_1)
FNDA:15,(anonymous_2)
FNDA:57,(anonymous_3)
FNDA:12,(anonymous_4)
FNDA:54,(anonymous_5)
FNDA:3,(anonymous_6)
FNDA:12,(anonymous_7)
FNDA:39,(anonymous_8)
FNDA:15,(anonymous_9)
DA:4,105
DA:6,1
DA:7,15
DA:8,15
DA:9,15
DA:10,15
DA:12,15
DA:14,15
DA:17,1
DA:23,57
DA:25,12
DA:26,54
DA:27,33
DA:29,21
DA:30,12
DA:31,12
DA:32,12
DA:34,9
DA:35,9
DA:36,9
DA:41,1
DA:42,3
DA:44,3
DA:46,3
DA:47,12
DA:48,12
DA:49,39
DA:50,6
DA:55,33
DA:56,33
DA:58,33
DA:59,12
DA:64,21
DA:65,9
DA:70,12
DA:75,12
DA:77,12
DA:79,15
DA:82,3
DA:83,3
LF:40
LH:40
BRDA:10,0,0,0
BRDA:10,0,1,15
BRDA:23,1,0,15
BRDA:23,1,1,42
BRDA:26,2,0,33
BRDA:26,2,1,21
BRDA:29,3,0,12
BRDA:29,3,1,9
BRDA:49,4,0,6
BRDA:49,4,1,33
BRDA:58,5,0,12
BRDA:58,5,1,21
BRDA:64,6,0,9
BRDA:64,6,1,12
BRDA:64,7,0,21
BRDA:64,7,1,12
BRF:16
BRH:15
end_of_record
TN:
SF:/home/andrew/hexletpro/gendiffUtil/project-lvl2-s475/src/parser.js
FN:6,(anonymous_0)
FNF:1
FNH:1
FNDA:6,(anonymous_0)
DA:6,1
DA:7,6
DA:8,6
DA:10,6
DA:12,4
DA:13,2
DA:14,2
DA:17,2
DA:18,2
DA:19,2
DA:21,0
LF:11
LH:10
BRDA:10,0,0,2
BRDA:10,0,1,4
BRDA:12,1,0,2
BRDA:12,1,1,2
BRDA:17,2,0,2
BRDA:17,2,1,0
BRF:6
BRH:5
end_of_record
