TN:
SF:/home/andrew/hexletpro/gendiffUtil/project-lvl2-s475/src/index.js
FN:4,(anonymous_0)
FN:6,(anonymous_1)
FN:10,(anonymous_2)
FN:17,(anonymous_3)
FNF:4
FNH:4
FNDA:3,(anonymous_0)
FNDA:9,(anonymous_1)
FNDA:3,(anonymous_2)
FNDA:12,(anonymous_3)
DA:4,1
DA:5,3
DA:6,9
DA:10,1
DA:11,3
DA:13,3
DA:15,3
DA:17,3
DA:18,12
DA:19,9
DA:20,6
DA:22,3
DA:24,3
DA:27,3
DA:29,3
LF:15
LH:15
BRDA:18,0,0,9
BRDA:18,0,1,3
BRDA:19,1,0,6
BRDA:19,1,1,3
BRDA:29,2,0,3
BRDA:29,2,1,0
BRF:6
BRH:5
end_of_record
TN:
SF:/home/andrew/hexletpro/gendiffUtil/project-lvl2-s475/src/parser.js
FN:6,(anonymous_0)
FNF:1
FNH:1
FNDA:6,(anonymous_0)
DA:6,1
DA:7,6
DA:8,6
DA:10,6
DA:12,0
DA:13,0
DA:14,0
DA:17,0
DA:18,0
DA:19,0
DA:21,0
LF:11
LH:4
BRDA:10,0,0,6
BRDA:10,0,1,0
BRDA:12,1,0,0
BRDA:12,1,1,0
BRDA:17,2,0,0
BRDA:17,2,1,0
BRF:6
BRH:1
end_of_record
